{"/home/bogarin/programacion/testTools/learning-graphql-mongodb-react-and-jest2/src/services/chalk.js": {"path":"/home/bogarin/programacion/testTools/learning-graphql-mongodb-react-and-jest2/src/services/chalk.js","statementMap":{"0":{"start":{"line":2,"column":18},"end":{"line":2,"column":33}},"1":{"start":{"line":3,"column":14},"end":{"line":3,"column":31}},"2":{"start":{"line":4,"column":21},"end":{"line":4,"column":35}},"3":{"start":{"line":5,"column":20},"end":{"line":5,"column":38}},"4":{"start":{"line":6,"column":0},"end":{"line":11,"column":2}}},"fnMap":{},"branchMap":{},"s":{"0":1,"1":1,"2":1,"3":1,"4":1},"f":{},"b":{},"_coverageSchema":"43e27e138ebf9cfc5966b082cf9a028302ed4184","hash":"f056fbbcf24a8f1073b781e46d9bd2219d4842c7"}
,"/home/bogarin/programacion/testTools/learning-graphql-mongodb-react-and-jest2/src/services/mongodb.js": {"path":"/home/bogarin/programacion/testTools/learning-graphql-mongodb-react-and-jest2/src/services/mongodb.js","statementMap":{"0":{"start":{"line":4,"column":22},"end":{"line":17,"column":1}},"1":{"start":{"line":5,"column":2},"end":{"line":15,"column":52}},"2":{"start":{"line":15,"column":18},"end":{"line":15,"column":50}},"3":{"start":{"line":16,"column":2},"end":{"line":16,"column":26}},"4":{"start":{"line":19,"column":23},"end":{"line":27,"column":1}},"5":{"start":{"line":20,"column":2},"end":{"line":25,"column":52}},"6":{"start":{"line":25,"column":18},"end":{"line":25,"column":50}},"7":{"start":{"line":26,"column":2},"end":{"line":26,"column":26}},"8":{"start":{"line":29,"column":25},"end":{"line":53,"column":1}},"9":{"start":{"line":30,"column":2},"end":{"line":34,"column":4}},"10":{"start":{"line":31,"column":4},"end":{"line":33,"column":5}},"11":{"start":{"line":36,"column":2},"end":{"line":40,"column":4}},"12":{"start":{"line":37,"column":4},"end":{"line":39,"column":5}},"13":{"start":{"line":42,"column":2},"end":{"line":44,"column":4}},"14":{"start":{"line":43,"column":4},"end":{"line":43,"column":69}},"15":{"start":{"line":45,"column":2},"end":{"line":52,"column":5}},"16":{"start":{"line":46,"column":4},"end":{"line":51,"column":7}},"17":{"start":{"line":47,"column":6},"end":{"line":49,"column":8}},"18":{"start":{"line":50,"column":6},"end":{"line":50,"column":22}},"19":{"start":{"line":55,"column":0},"end":{"line":68,"column":3}},"20":{"start":{"line":55,"column":24},"end":{"line":68,"column":1}},"21":{"start":{"line":57,"column":4},"end":{"line":61,"column":5}},"22":{"start":{"line":58,"column":6},"end":{"line":58,"column":48}},"23":{"start":{"line":60,"column":6},"end":{"line":60,"column":38}},"24":{"start":{"line":64,"column":24},"end":{"line":64,"column":51}},"25":{"start":{"line":65,"column":18},"end":{"line":65,"column":60}},"26":{"start":{"line":66,"column":4},"end":{"line":66,"column":17}}},"fnMap":{"0":{"name":"(anonymous_0)","decl":{"start":{"line":4,"column":22},"end":{"line":4,"column":23}},"loc":{"start":{"line":4,"column":54},"end":{"line":17,"column":1}},"line":4},"1":{"name":"(anonymous_1)","decl":{"start":{"line":15,"column":11},"end":{"line":15,"column":12}},"loc":{"start":{"line":15,"column":18},"end":{"line":15,"column":50}},"line":15},"2":{"name":"(anonymous_2)","decl":{"start":{"line":19,"column":23},"end":{"line":19,"column":24}},"loc":{"start":{"line":19,"column":44},"end":{"line":27,"column":1}},"line":19},"3":{"name":"(anonymous_3)","decl":{"start":{"line":25,"column":11},"end":{"line":25,"column":12}},"loc":{"start":{"line":25,"column":18},"end":{"line":25,"column":50}},"line":25},"4":{"name":"(anonymous_4)","decl":{"start":{"line":29,"column":25},"end":{"line":29,"column":26}},"loc":{"start":{"line":29,"column":40},"end":{"line":53,"column":1}},"line":29},"5":{"name":"(anonymous_5)","decl":{"start":{"line":30,"column":44},"end":{"line":30,"column":45}},"loc":{"start":{"line":31,"column":4},"end":{"line":33,"column":5}},"line":31},"6":{"name":"(anonymous_6)","decl":{"start":{"line":36,"column":40},"end":{"line":36,"column":41}},"loc":{"start":{"line":37,"column":4},"end":{"line":39,"column":5}},"line":37},"7":{"name":"(anonymous_7)","decl":{"start":{"line":42,"column":47},"end":{"line":42,"column":48}},"loc":{"start":{"line":43,"column":4},"end":{"line":43,"column":69}},"line":43},"8":{"name":"(anonymous_8)","decl":{"start":{"line":45,"column":29},"end":{"line":45,"column":30}},"loc":{"start":{"line":45,"column":35},"end":{"line":52,"column":3}},"line":45},"9":{"name":"(anonymous_9)","decl":{"start":{"line":46,"column":30},"end":{"line":46,"column":31}},"loc":{"start":{"line":46,"column":36},"end":{"line":51,"column":5}},"line":46},"10":{"name":"(anonymous_10)","decl":{"start":{"line":55,"column":17},"end":{"line":55,"column":18}},"loc":{"start":{"line":55,"column":24},"end":{"line":68,"column":1}},"line":55},"11":{"name":"(anonymous_11)","decl":{"start":{"line":56,"column":14},"end":{"line":56,"column":15}},"loc":{"start":{"line":56,"column":56},"end":{"line":62,"column":3}},"line":56},"12":{"name":"(anonymous_12)","decl":{"start":{"line":63,"column":15},"end":{"line":63,"column":16}},"loc":{"start":{"line":63,"column":38},"end":{"line":67,"column":3}},"line":63}},"branchMap":{"0":{"loc":{"start":{"line":56,"column":32},"end":{"line":56,"column":41}},"type":"default-arg","locations":[{"start":{"line":56,"column":39},"end":{"line":56,"column":41}}],"line":56},"1":{"loc":{"start":{"line":56,"column":43},"end":{"line":56,"column":51}},"type":"default-arg","locations":[{"start":{"line":56,"column":49},"end":{"line":56,"column":51}}],"line":56},"2":{"loc":{"start":{"line":57,"column":4},"end":{"line":61,"column":5}},"type":"if","locations":[{"start":{"line":57,"column":4},"end":{"line":61,"column":5}},{"start":{"line":57,"column":4},"end":{"line":61,"column":5}}],"line":57}},"s":{"0":1,"1":1,"2":0,"3":0,"4":1,"5":0,"6":0,"7":0,"8":1,"9":0,"10":0,"11":0,"12":0,"13":0,"14":0,"15":0,"16":0,"17":0,"18":0,"19":1,"20":1,"21":1,"22":1,"23":0,"24":0,"25":0,"26":0},"f":{"0":1,"1":0,"2":0,"3":0,"4":0,"5":0,"6":0,"7":0,"8":0,"9":0,"10":1,"11":1,"12":0},"b":{"0":[0],"1":[0],"2":[1,0]},"_coverageSchema":"43e27e138ebf9cfc5966b082cf9a028302ed4184","hash":"0c4ceb2a331fbc22b4234d4356805ce2eccecbed"}
}
